<?xml version="1.0" encoding="UTF-8"?>
<!-- Generated by org.testng.reporters.JUnitXMLReporter -->
<testsuite ignored="2" hostname="DESKTOP-20UHEP8" failures="0" tests="1" name="Default test" time="64.888" errors="0" timestamp="2024-05-15T22:00:59 IST">
  <testcase classname="testcases.RegistrationTestCases" name="verifyRegisterationWithInvalidValidData" time="64.787"/>
  <testcase classname="testcases.RegistrationTestCases" name="verifyRegisterationWithValidData" time="0.0">
    <ignored/>
  </testcase> <!-- verifyRegisterationWithValidData -->
  <testcase classname="testcases.RegistrationTestCases" name="verifyRegisterationWithBlankData" time="0.0">
    <ignored/>
  </testcase> <!-- verifyRegisterationWithBlankData -->
</testsuite> <!-- Default test -->
